Changelog
=======================================================================

#20150119
-----------------------------------------------------------------------
Bug: 在元旦到新年之间，如果所输入时间正好为月底的最好一天，显示农历日期
会出错

Bug修改：添加判断

#20150118
-----------------------------------------------------------------------
添加时间处理方法，避免系统date获取输入日期在所在年份的第几天的局限性，
系统时间支持：19011215 ~ 20380119，此时间可能还会变。

#20140915
-----------------------------------------------------------------------
Bug: The Chinese Animal Zodiac do not show when Pig. At last line.

Modify: do decide.

#20140608
-----------------------------------------------------------------------
收到zhan-wei liu的bug反馈邮件：“./lunar.sh 20140429 should give
4711-4-1 rather than 4711-3-30”，其实农历每个月的初一都会出现这样的bug，
原因是对剩余天数正好和当前农历月天数相等时，则此月不再处理。

bug修改：在计算农历月和天时，提前判断剩余天数是否正好为本月天数，如果
是，则直接退出。

#20140606
-----------------------------------------------------------------------
发现bug：输入错误的日期时输出不友好，且程序还会继续执行下去，但输出不完整。

bug修改：添加判断语句，如果日期错误，则提示用法并退出。

#20131202
-----------------------------------------------------------------------
发现bug：如果农历上个月是大月，本月为小月，则上个月的三十输出为本月的初
一，原因是上个月剩下30天，这正好是上个月的三十，而本月是29天，29<30，下
一次循环的时候又减本月的天数，使得上个月的三十成为本月的初一

bug修改：添加判断语句，如果农历剩余天数等于当月的天数则不再循环

#20130725
-----------------------------------------------------------------------
数据文件databases成为一个路径变量（databases_path），容易配置；现在可以
将databases放在如何可访问到的地方，只要修改databases_path变量即可。

#20130709
-----------------------------------------------------------------------
修复上面bug,使得闰月前加*
加入无参数时使用当前系统时间为默认参数

#20130709
-----------------------------------------------------------------------
修改新年前的农历日期错误（新年前后是两个不同的农历年）
发现bug：农历年闰月和其它月份无区别，且农历年闰年月份排到十三月

#20130708
-----------------------------------------------------------------------
Create lunar.sh
初现雏形
